17:38:37 INFO  : Registering command handlers for SDK TCF services
17:38:38 INFO  : Launching XSCT server: xsct.bat -interactive C:\Users\RA_prof_Jeon\siddharth\Vivado\project_execution_layer_con1_p2\project_execution_layer_con1_p2.sdk\temp_xsdb_launch_script.tcl
17:38:40 INFO  : XSCT server has started successfully.
17:38:40 INFO  : Successfully done setting XSCT server connection channel  
17:38:40 INFO  : Successfully done setting SDK workspace  
17:38:40 INFO  : Processing command line option -hwspec C:/Users/RA_prof_Jeon/siddharth/Vivado/project_execution_layer_con1_p2/project_execution_layer_con1_p2.sdk/design_1_wrapper.hdf.
17:44:44 INFO  : Connected to target on host '127.0.0.1' and port '3121'.
17:44:45 INFO  : Jtag cable 'Digilent JTAG-SMT2 210251A1BEAA' is selected.
17:44:45 INFO  : 'jtag frequency' command is executed.
17:44:45 INFO  : Sourcing of 'C:/Users/RA_prof_Jeon/siddharth/Vivado/project_execution_layer_con1_p2/project_execution_layer_con1_p2.sdk/design_1_wrapper_hw_platform_0/ps7_init.tcl' is done.
17:44:45 INFO  : Context for 'APU' is selected.
17:44:45 INFO  : System reset is completed.
17:44:48 INFO  : 'after 3000' command is executed.
17:44:48 INFO  : 'targets -set -filter {jtag_cable_name =~ "Digilent JTAG-SMT2 210251A1BEAA" && level==0} -index 1' command is executed.
17:44:50 ERROR : 'fpga -file C:/Users/RA_prof_Jeon/siddharth/Vivado/project_execution_layer_con1_p2/project_execution_layer_con1_p2.sdk/design_1_wrapper_hw_platform_0/design_1_wrapper.bit' is cancelled.
17:44:50 INFO  : Issued abort command to xsdb.
17:44:50 ERROR : Exception occured while running Program FPGA.
java.lang.RuntimeException: 'fpga -file C:/Users/RA_prof_Jeon/siddharth/Vivado/project_execution_layer_con1_p2/project_execution_layer_con1_p2.sdk/design_1_wrapper_hw_platform_0/design_1_wrapper.bit' is cancelled.
17:44:50 INFO  : ----------------XSDB Script----------------
connect -url tcp:127.0.0.1:3121
source C:/Users/RA_prof_Jeon/siddharth/Vivado/project_execution_layer_con1_p2/project_execution_layer_con1_p2.sdk/design_1_wrapper_hw_platform_0/ps7_init.tcl
targets -set -nocase -filter {name =~"APU*" && jtag_cable_name =~ "Digilent JTAG-SMT2 210251A1BEAA"} -index 0
rst -system
after 3000
----------------End of Script----------------

17:45:16 INFO  : Connected to target on host '127.0.0.1' and port '3121'.
17:45:16 INFO  : Jtag cable 'Digilent JTAG-SMT2 210251A1BEAA' is selected.
17:45:16 INFO  : 'jtag frequency' command is executed.
17:45:16 INFO  : Sourcing of 'C:/Users/RA_prof_Jeon/siddharth/Vivado/project_execution_layer_con1_p2/project_execution_layer_con1_p2.sdk/design_1_wrapper_hw_platform_0/ps7_init.tcl' is done.
17:45:16 INFO  : Context for 'APU' is selected.
17:45:16 INFO  : System reset is completed.
17:45:19 INFO  : 'after 3000' command is executed.
17:45:19 INFO  : 'targets -set -filter {jtag_cable_name =~ "Digilent JTAG-SMT2 210251A1BEAA" && level==0} -index 1' command is executed.
17:45:27 INFO  : FPGA configured successfully with bitstream "C:/Users/RA_prof_Jeon/siddharth/Vivado/project_execution_layer_con1_p2/project_execution_layer_con1_p2.sdk/design_1_wrapper_hw_platform_0/design_1_wrapper.bit"
17:45:27 INFO  : Context for 'APU' is selected.
17:45:27 INFO  : Hardware design information is loaded from 'C:/Users/RA_prof_Jeon/siddharth/Vivado/project_execution_layer_con1_p2/project_execution_layer_con1_p2.sdk/design_1_wrapper_hw_platform_0/system.hdf'.
17:45:27 INFO  : 'configparams force-mem-access 1' command is executed.
17:45:27 INFO  : Context for 'APU' is selected.
17:45:27 INFO  : 'ps7_init' command is executed.
17:45:27 INFO  : 'ps7_post_config' command is executed.
17:45:27 INFO  : Context for processor 'ps7_cortexa9_0' is selected.
17:45:29 INFO  : The application 'C:/Users/RA_prof_Jeon/siddharth/Vivado/project_execution_layer_con1_p2/project_execution_layer_con1_p2.sdk/alexnet/Debug/alexnet.elf' is downloaded to processor 'ps7_cortexa9_0'.
17:45:29 INFO  : 'configparams force-mem-access 0' command is executed.
17:45:29 INFO  : ----------------XSDB Script----------------
connect -url tcp:127.0.0.1:3121
source C:/Users/RA_prof_Jeon/siddharth/Vivado/project_execution_layer_con1_p2/project_execution_layer_con1_p2.sdk/design_1_wrapper_hw_platform_0/ps7_init.tcl
targets -set -nocase -filter {name =~"APU*" && jtag_cable_name =~ "Digilent JTAG-SMT2 210251A1BEAA"} -index 0
rst -system
after 3000
targets -set -filter {jtag_cable_name =~ "Digilent JTAG-SMT2 210251A1BEAA" && level==0} -index 1
fpga -file C:/Users/RA_prof_Jeon/siddharth/Vivado/project_execution_layer_con1_p2/project_execution_layer_con1_p2.sdk/design_1_wrapper_hw_platform_0/design_1_wrapper.bit
targets -set -nocase -filter {name =~"APU*" && jtag_cable_name =~ "Digilent JTAG-SMT2 210251A1BEAA"} -index 0
loadhw -hw C:/Users/RA_prof_Jeon/siddharth/Vivado/project_execution_layer_con1_p2/project_execution_layer_con1_p2.sdk/design_1_wrapper_hw_platform_0/system.hdf -mem-ranges [list {0x40000000 0xbfffffff}]
configparams force-mem-access 1
targets -set -nocase -filter {name =~"APU*" && jtag_cable_name =~ "Digilent JTAG-SMT2 210251A1BEAA"} -index 0
ps7_init
ps7_post_config
targets -set -nocase -filter {name =~ "ARM*#0" && jtag_cable_name =~ "Digilent JTAG-SMT2 210251A1BEAA"} -index 0
dow C:/Users/RA_prof_Jeon/siddharth/Vivado/project_execution_layer_con1_p2/project_execution_layer_con1_p2.sdk/alexnet/Debug/alexnet.elf
configparams force-mem-access 0
----------------End of Script----------------

17:45:29 INFO  : Memory regions updated for context APU
17:45:29 INFO  : Context for processor 'ps7_cortexa9_0' is selected.
17:45:29 INFO  : 'con' command is executed.
17:45:29 INFO  : ----------------XSDB Script (After Launch)----------------
targets -set -nocase -filter {name =~ "ARM*#0" && jtag_cable_name =~ "Digilent JTAG-SMT2 210251A1BEAA"} -index 0
con
----------------End of Script----------------

17:45:29 INFO  : Launch script is exported to file 'C:\Users\RA_prof_Jeon\siddharth\Vivado\project_execution_layer_con1_p2\project_execution_layer_con1_p2.sdk\.sdk\launch_scripts\xilinx_c-c++_application_(system_debugger)\system_debugger_on_local.tcl'
17:46:01 INFO  : Disconnected from the channel tcfchan#1.
17:46:02 INFO  : Connected to target on host '127.0.0.1' and port '3121'.
17:46:02 INFO  : Jtag cable 'Digilent JTAG-SMT2 210251A1BEAA' is selected.
17:46:02 INFO  : 'jtag frequency' command is executed.
17:46:02 INFO  : Sourcing of 'C:/Users/RA_prof_Jeon/siddharth/Vivado/project_execution_layer_con1_p2/project_execution_layer_con1_p2.sdk/design_1_wrapper_hw_platform_0/ps7_init.tcl' is done.
17:46:02 INFO  : Context for 'APU' is selected.
17:46:02 INFO  : System reset is completed.
17:46:05 INFO  : 'after 3000' command is executed.
17:46:05 INFO  : 'targets -set -filter {jtag_cable_name =~ "Digilent JTAG-SMT2 210251A1BEAA" && level==0} -index 1' command is executed.
17:46:07 ERROR : 'fpga -file C:/Users/RA_prof_Jeon/siddharth/Vivado/project_execution_layer_con1_p2/project_execution_layer_con1_p2.sdk/design_1_wrapper_hw_platform_0/design_1_wrapper.bit' is cancelled.
17:46:07 INFO  : Issued abort command to xsdb.
17:46:07 ERROR : Exception occured while running Program FPGA.
java.lang.RuntimeException: 'fpga -file C:/Users/RA_prof_Jeon/siddharth/Vivado/project_execution_layer_con1_p2/project_execution_layer_con1_p2.sdk/design_1_wrapper_hw_platform_0/design_1_wrapper.bit' is cancelled.
17:46:07 INFO  : ----------------XSDB Script----------------
connect -url tcp:127.0.0.1:3121
source C:/Users/RA_prof_Jeon/siddharth/Vivado/project_execution_layer_con1_p2/project_execution_layer_con1_p2.sdk/design_1_wrapper_hw_platform_0/ps7_init.tcl
targets -set -nocase -filter {name =~"APU*" && jtag_cable_name =~ "Digilent JTAG-SMT2 210251A1BEAA"} -index 0
rst -system
after 3000
----------------End of Script----------------

17:46:21 INFO  : Connected to target on host '127.0.0.1' and port '3121'.
17:46:21 INFO  : Jtag cable 'Digilent JTAG-SMT2 210251A1BEAA' is selected.
17:46:21 INFO  : 'jtag frequency' command is executed.
17:46:21 INFO  : Sourcing of 'C:/Users/RA_prof_Jeon/siddharth/Vivado/project_execution_layer_con1_p2/project_execution_layer_con1_p2.sdk/design_1_wrapper_hw_platform_0/ps7_init.tcl' is done.
17:46:21 INFO  : Context for 'APU' is selected.
17:46:21 INFO  : System reset is completed.
17:46:24 INFO  : 'after 3000' command is executed.
17:46:24 INFO  : 'targets -set -filter {jtag_cable_name =~ "Digilent JTAG-SMT2 210251A1BEAA" && level==0} -index 1' command is executed.
17:46:32 INFO  : FPGA configured successfully with bitstream "C:/Users/RA_prof_Jeon/siddharth/Vivado/project_execution_layer_con1_p2/project_execution_layer_con1_p2.sdk/design_1_wrapper_hw_platform_0/design_1_wrapper.bit"
17:46:32 INFO  : Context for 'APU' is selected.
17:46:34 INFO  : Hardware design information is loaded from 'C:/Users/RA_prof_Jeon/siddharth/Vivado/project_execution_layer_con1_p2/project_execution_layer_con1_p2.sdk/design_1_wrapper_hw_platform_0/system.hdf'.
17:46:34 INFO  : 'configparams force-mem-access 1' command is executed.
17:46:34 INFO  : Context for 'APU' is selected.
17:46:35 INFO  : 'ps7_init' command is executed.
17:46:35 INFO  : 'ps7_post_config' command is executed.
17:46:35 INFO  : Context for processor 'ps7_cortexa9_0' is selected.
17:46:36 INFO  : The application 'C:/Users/RA_prof_Jeon/siddharth/Vivado/project_execution_layer_con1_p2/project_execution_layer_con1_p2.sdk/alexnet/Debug/alexnet.elf' is downloaded to processor 'ps7_cortexa9_0'.
17:46:36 INFO  : 'configparams force-mem-access 0' command is executed.
17:46:36 INFO  : ----------------XSDB Script----------------
connect -url tcp:127.0.0.1:3121
source C:/Users/RA_prof_Jeon/siddharth/Vivado/project_execution_layer_con1_p2/project_execution_layer_con1_p2.sdk/design_1_wrapper_hw_platform_0/ps7_init.tcl
targets -set -nocase -filter {name =~"APU*" && jtag_cable_name =~ "Digilent JTAG-SMT2 210251A1BEAA"} -index 0
rst -system
after 3000
targets -set -filter {jtag_cable_name =~ "Digilent JTAG-SMT2 210251A1BEAA" && level==0} -index 1
fpga -file C:/Users/RA_prof_Jeon/siddharth/Vivado/project_execution_layer_con1_p2/project_execution_layer_con1_p2.sdk/design_1_wrapper_hw_platform_0/design_1_wrapper.bit
targets -set -nocase -filter {name =~"APU*" && jtag_cable_name =~ "Digilent JTAG-SMT2 210251A1BEAA"} -index 0
loadhw -hw C:/Users/RA_prof_Jeon/siddharth/Vivado/project_execution_layer_con1_p2/project_execution_layer_con1_p2.sdk/design_1_wrapper_hw_platform_0/system.hdf -mem-ranges [list {0x40000000 0xbfffffff}]
configparams force-mem-access 1
targets -set -nocase -filter {name =~"APU*" && jtag_cable_name =~ "Digilent JTAG-SMT2 210251A1BEAA"} -index 0
ps7_init
ps7_post_config
targets -set -nocase -filter {name =~ "ARM*#0" && jtag_cable_name =~ "Digilent JTAG-SMT2 210251A1BEAA"} -index 0
dow C:/Users/RA_prof_Jeon/siddharth/Vivado/project_execution_layer_con1_p2/project_execution_layer_con1_p2.sdk/alexnet/Debug/alexnet.elf
configparams force-mem-access 0
----------------End of Script----------------

17:46:36 INFO  : Memory regions updated for context APU
17:46:36 INFO  : Context for processor 'ps7_cortexa9_0' is selected.
17:46:36 INFO  : 'con' command is executed.
17:46:36 INFO  : ----------------XSDB Script (After Launch)----------------
targets -set -nocase -filter {name =~ "ARM*#0" && jtag_cable_name =~ "Digilent JTAG-SMT2 210251A1BEAA"} -index 0
con
----------------End of Script----------------

17:46:36 INFO  : Launch script is exported to file 'C:\Users\RA_prof_Jeon\siddharth\Vivado\project_execution_layer_con1_p2\project_execution_layer_con1_p2.sdk\.sdk\launch_scripts\xilinx_c-c++_application_(system_debugger)\system_debugger_on_local.tcl'
17:47:04 INFO  : Disconnected from the channel tcfchan#2.
17:47:05 INFO  : Connected to target on host '127.0.0.1' and port '3121'.
17:47:06 INFO  : Jtag cable 'Digilent JTAG-SMT2 210251A1BEAA' is selected.
17:47:06 INFO  : 'jtag frequency' command is executed.
17:47:06 INFO  : Sourcing of 'C:/Users/RA_prof_Jeon/siddharth/Vivado/project_execution_layer_con1_p2/project_execution_layer_con1_p2.sdk/design_1_wrapper_hw_platform_0/ps7_init.tcl' is done.
17:47:06 INFO  : Context for 'APU' is selected.
17:47:06 INFO  : System reset is completed.
17:47:09 INFO  : 'after 3000' command is executed.
17:47:09 INFO  : 'targets -set -filter {jtag_cable_name =~ "Digilent JTAG-SMT2 210251A1BEAA" && level==0} -index 1' command is executed.
17:47:16 INFO  : FPGA configured successfully with bitstream "C:/Users/RA_prof_Jeon/siddharth/Vivado/project_execution_layer_con1_p2/project_execution_layer_con1_p2.sdk/design_1_wrapper_hw_platform_0/design_1_wrapper.bit"
17:47:16 INFO  : Context for 'APU' is selected.
17:47:18 INFO  : Hardware design information is loaded from 'C:/Users/RA_prof_Jeon/siddharth/Vivado/project_execution_layer_con1_p2/project_execution_layer_con1_p2.sdk/design_1_wrapper_hw_platform_0/system.hdf'.
17:47:18 INFO  : 'configparams force-mem-access 1' command is executed.
17:47:18 INFO  : Context for 'APU' is selected.
17:47:19 INFO  : 'ps7_init' command is executed.
17:47:19 INFO  : 'ps7_post_config' command is executed.
17:47:19 INFO  : Context for processor 'ps7_cortexa9_0' is selected.
17:47:20 INFO  : The application 'C:/Users/RA_prof_Jeon/siddharth/Vivado/project_execution_layer_con1_p2/project_execution_layer_con1_p2.sdk/alexnet/Debug/alexnet.elf' is downloaded to processor 'ps7_cortexa9_0'.
17:47:20 INFO  : 'configparams force-mem-access 0' command is executed.
17:47:20 INFO  : ----------------XSDB Script----------------
connect -url tcp:127.0.0.1:3121
source C:/Users/RA_prof_Jeon/siddharth/Vivado/project_execution_layer_con1_p2/project_execution_layer_con1_p2.sdk/design_1_wrapper_hw_platform_0/ps7_init.tcl
targets -set -nocase -filter {name =~"APU*" && jtag_cable_name =~ "Digilent JTAG-SMT2 210251A1BEAA"} -index 0
rst -system
after 3000
targets -set -filter {jtag_cable_name =~ "Digilent JTAG-SMT2 210251A1BEAA" && level==0} -index 1
fpga -file C:/Users/RA_prof_Jeon/siddharth/Vivado/project_execution_layer_con1_p2/project_execution_layer_con1_p2.sdk/design_1_wrapper_hw_platform_0/design_1_wrapper.bit
targets -set -nocase -filter {name =~"APU*" && jtag_cable_name =~ "Digilent JTAG-SMT2 210251A1BEAA"} -index 0
loadhw -hw C:/Users/RA_prof_Jeon/siddharth/Vivado/project_execution_layer_con1_p2/project_execution_layer_con1_p2.sdk/design_1_wrapper_hw_platform_0/system.hdf -mem-ranges [list {0x40000000 0xbfffffff}]
configparams force-mem-access 1
targets -set -nocase -filter {name =~"APU*" && jtag_cable_name =~ "Digilent JTAG-SMT2 210251A1BEAA"} -index 0
ps7_init
ps7_post_config
targets -set -nocase -filter {name =~ "ARM*#0" && jtag_cable_name =~ "Digilent JTAG-SMT2 210251A1BEAA"} -index 0
dow C:/Users/RA_prof_Jeon/siddharth/Vivado/project_execution_layer_con1_p2/project_execution_layer_con1_p2.sdk/alexnet/Debug/alexnet.elf
configparams force-mem-access 0
----------------End of Script----------------

17:47:20 INFO  : Memory regions updated for context APU
17:47:21 INFO  : Context for processor 'ps7_cortexa9_0' is selected.
17:47:21 INFO  : 'con' command is executed.
17:47:21 INFO  : ----------------XSDB Script (After Launch)----------------
targets -set -nocase -filter {name =~ "ARM*#0" && jtag_cable_name =~ "Digilent JTAG-SMT2 210251A1BEAA"} -index 0
con
----------------End of Script----------------

17:47:21 INFO  : Launch script is exported to file 'C:\Users\RA_prof_Jeon\siddharth\Vivado\project_execution_layer_con1_p2\project_execution_layer_con1_p2.sdk\.sdk\launch_scripts\xilinx_c-c++_application_(system_debugger)\system_debugger_on_local.tcl'
17:47:37 INFO  : Disconnected from the channel tcfchan#3.
17:47:39 INFO  : Connected to target on host '127.0.0.1' and port '3121'.
17:47:40 INFO  : Jtag cable 'Digilent JTAG-SMT2 210251A1BEAA' is selected.
17:47:40 INFO  : 'jtag frequency' command is executed.
17:47:40 INFO  : Sourcing of 'C:/Users/RA_prof_Jeon/siddharth/Vivado/project_execution_layer_con1_p2/project_execution_layer_con1_p2.sdk/design_1_wrapper_hw_platform_0/ps7_init.tcl' is done.
17:47:40 INFO  : Context for 'APU' is selected.
17:47:40 INFO  : System reset is completed.
17:47:43 INFO  : 'after 3000' command is executed.
17:47:43 INFO  : 'targets -set -filter {jtag_cable_name =~ "Digilent JTAG-SMT2 210251A1BEAA" && level==0} -index 1' command is executed.
17:47:51 INFO  : FPGA configured successfully with bitstream "C:/Users/RA_prof_Jeon/siddharth/Vivado/project_execution_layer_con1_p2/project_execution_layer_con1_p2.sdk/design_1_wrapper_hw_platform_0/design_1_wrapper.bit"
17:47:51 INFO  : Context for 'APU' is selected.
17:47:53 INFO  : Hardware design information is loaded from 'C:/Users/RA_prof_Jeon/siddharth/Vivado/project_execution_layer_con1_p2/project_execution_layer_con1_p2.sdk/design_1_wrapper_hw_platform_0/system.hdf'.
17:47:53 INFO  : 'configparams force-mem-access 1' command is executed.
17:47:53 INFO  : Context for 'APU' is selected.
17:47:53 INFO  : 'ps7_init' command is executed.
17:47:53 INFO  : 'ps7_post_config' command is executed.
17:47:53 INFO  : Context for processor 'ps7_cortexa9_0' is selected.
17:47:55 INFO  : The application 'C:/Users/RA_prof_Jeon/siddharth/Vivado/project_execution_layer_con1_p2/project_execution_layer_con1_p2.sdk/alexnet/Debug/alexnet.elf' is downloaded to processor 'ps7_cortexa9_0'.
17:47:55 INFO  : 'configparams force-mem-access 0' command is executed.
17:47:55 INFO  : ----------------XSDB Script----------------
connect -url tcp:127.0.0.1:3121
source C:/Users/RA_prof_Jeon/siddharth/Vivado/project_execution_layer_con1_p2/project_execution_layer_con1_p2.sdk/design_1_wrapper_hw_platform_0/ps7_init.tcl
targets -set -nocase -filter {name =~"APU*" && jtag_cable_name =~ "Digilent JTAG-SMT2 210251A1BEAA"} -index 0
rst -system
after 3000
targets -set -filter {jtag_cable_name =~ "Digilent JTAG-SMT2 210251A1BEAA" && level==0} -index 1
fpga -file C:/Users/RA_prof_Jeon/siddharth/Vivado/project_execution_layer_con1_p2/project_execution_layer_con1_p2.sdk/design_1_wrapper_hw_platform_0/design_1_wrapper.bit
targets -set -nocase -filter {name =~"APU*" && jtag_cable_name =~ "Digilent JTAG-SMT2 210251A1BEAA"} -index 0
loadhw -hw C:/Users/RA_prof_Jeon/siddharth/Vivado/project_execution_layer_con1_p2/project_execution_layer_con1_p2.sdk/design_1_wrapper_hw_platform_0/system.hdf -mem-ranges [list {0x40000000 0xbfffffff}]
configparams force-mem-access 1
targets -set -nocase -filter {name =~"APU*" && jtag_cable_name =~ "Digilent JTAG-SMT2 210251A1BEAA"} -index 0
ps7_init
ps7_post_config
targets -set -nocase -filter {name =~ "ARM*#0" && jtag_cable_name =~ "Digilent JTAG-SMT2 210251A1BEAA"} -index 0
dow C:/Users/RA_prof_Jeon/siddharth/Vivado/project_execution_layer_con1_p2/project_execution_layer_con1_p2.sdk/alexnet/Debug/alexnet.elf
configparams force-mem-access 0
----------------End of Script----------------

17:47:55 INFO  : Memory regions updated for context APU
17:47:55 INFO  : Context for processor 'ps7_cortexa9_0' is selected.
17:47:55 INFO  : 'con' command is executed.
17:47:55 INFO  : ----------------XSDB Script (After Launch)----------------
targets -set -nocase -filter {name =~ "ARM*#0" && jtag_cable_name =~ "Digilent JTAG-SMT2 210251A1BEAA"} -index 0
con
----------------End of Script----------------

17:47:55 INFO  : Launch script is exported to file 'C:\Users\RA_prof_Jeon\siddharth\Vivado\project_execution_layer_con1_p2\project_execution_layer_con1_p2.sdk\.sdk\launch_scripts\xilinx_c-c++_application_(system_debugger)\system_debugger_on_local.tcl'
17:48:13 INFO  : Disconnected from the channel tcfchan#4.
17:48:32 INFO  : Registering command handlers for SDK TCF services
17:48:32 INFO  : Launching XSCT server: xsct.bat -interactive C:\Users\RA_prof_Jeon\siddharth\Vivado\project_execution_layer_con1_p2\project_execution_layer_con1_p2.sdk\temp_xsdb_launch_script.tcl
17:48:34 INFO  : XSCT server has started successfully.
17:48:34 INFO  : Successfully done setting XSCT server connection channel  
17:48:34 INFO  : Successfully done setting SDK workspace  
17:48:34 INFO  : Processing command line option -hwspec C:/Users/RA_prof_Jeon/siddharth/Vivado/project_execution_layer_con1_p2/project_execution_layer_con1_p2.sdk/design_1_wrapper.hdf.
17:48:34 INFO  : Checking for hwspec changes in the project design_1_wrapper_hw_platform_0.
17:49:06 INFO  : Connected to target on host '127.0.0.1' and port '3121'.
17:49:07 INFO  : Jtag cable 'Digilent JTAG-SMT2 210251A1BEAA' is selected.
17:49:07 INFO  : 'jtag frequency' command is executed.
17:49:07 INFO  : Sourcing of 'C:/Users/RA_prof_Jeon/siddharth/Vivado/project_execution_layer_con1_p2/project_execution_layer_con1_p2.sdk/design_1_wrapper_hw_platform_0/ps7_init.tcl' is done.
17:49:07 INFO  : Context for 'APU' is selected.
17:49:07 INFO  : System reset is completed.
17:49:10 INFO  : 'after 3000' command is executed.
17:49:10 INFO  : 'targets -set -filter {jtag_cable_name =~ "Digilent JTAG-SMT2 210251A1BEAA" && level==0} -index 1' command is executed.
17:49:18 INFO  : FPGA configured successfully with bitstream "C:/Users/RA_prof_Jeon/siddharth/Vivado/project_execution_layer_con1_p2/project_execution_layer_con1_p2.sdk/design_1_wrapper_hw_platform_0/design_1_wrapper.bit"
17:49:18 INFO  : Context for 'APU' is selected.
17:49:18 INFO  : Hardware design information is loaded from 'C:/Users/RA_prof_Jeon/siddharth/Vivado/project_execution_layer_con1_p2/project_execution_layer_con1_p2.sdk/design_1_wrapper_hw_platform_0/system.hdf'.
17:49:18 INFO  : 'configparams force-mem-access 1' command is executed.
17:49:18 INFO  : Context for 'APU' is selected.
17:49:18 INFO  : 'ps7_init' command is executed.
17:49:18 INFO  : 'ps7_post_config' command is executed.
17:49:18 INFO  : Context for processor 'ps7_cortexa9_0' is selected.
17:49:20 INFO  : The application 'C:/Users/RA_prof_Jeon/siddharth/Vivado/project_execution_layer_con1_p2/project_execution_layer_con1_p2.sdk/alexnet/Debug/alexnet.elf' is downloaded to processor 'ps7_cortexa9_0'.
17:49:20 INFO  : 'configparams force-mem-access 0' command is executed.
17:49:20 INFO  : ----------------XSDB Script----------------
connect -url tcp:127.0.0.1:3121
source C:/Users/RA_prof_Jeon/siddharth/Vivado/project_execution_layer_con1_p2/project_execution_layer_con1_p2.sdk/design_1_wrapper_hw_platform_0/ps7_init.tcl
targets -set -nocase -filter {name =~"APU*" && jtag_cable_name =~ "Digilent JTAG-SMT2 210251A1BEAA"} -index 0
rst -system
after 3000
targets -set -filter {jtag_cable_name =~ "Digilent JTAG-SMT2 210251A1BEAA" && level==0} -index 1
fpga -file C:/Users/RA_prof_Jeon/siddharth/Vivado/project_execution_layer_con1_p2/project_execution_layer_con1_p2.sdk/design_1_wrapper_hw_platform_0/design_1_wrapper.bit
targets -set -nocase -filter {name =~"APU*" && jtag_cable_name =~ "Digilent JTAG-SMT2 210251A1BEAA"} -index 0
loadhw -hw C:/Users/RA_prof_Jeon/siddharth/Vivado/project_execution_layer_con1_p2/project_execution_layer_con1_p2.sdk/design_1_wrapper_hw_platform_0/system.hdf -mem-ranges [list {0x40000000 0xbfffffff}]
configparams force-mem-access 1
targets -set -nocase -filter {name =~"APU*" && jtag_cable_name =~ "Digilent JTAG-SMT2 210251A1BEAA"} -index 0
ps7_init
ps7_post_config
targets -set -nocase -filter {name =~ "ARM*#0" && jtag_cable_name =~ "Digilent JTAG-SMT2 210251A1BEAA"} -index 0
dow C:/Users/RA_prof_Jeon/siddharth/Vivado/project_execution_layer_con1_p2/project_execution_layer_con1_p2.sdk/alexnet/Debug/alexnet.elf
configparams force-mem-access 0
----------------End of Script----------------

17:49:20 INFO  : Memory regions updated for context APU
17:49:20 INFO  : Context for processor 'ps7_cortexa9_0' is selected.
17:49:20 INFO  : 'con' command is executed.
17:49:20 INFO  : ----------------XSDB Script (After Launch)----------------
targets -set -nocase -filter {name =~ "ARM*#0" && jtag_cable_name =~ "Digilent JTAG-SMT2 210251A1BEAA"} -index 0
con
----------------End of Script----------------

17:49:20 INFO  : Launch script is exported to file 'C:\Users\RA_prof_Jeon\siddharth\Vivado\project_execution_layer_con1_p2\project_execution_layer_con1_p2.sdk\.sdk\launch_scripts\xilinx_c-c++_application_(system_debugger)\system_debugger_on_local.tcl'
18:36:50 INFO  : Disconnected from the channel tcfchan#1.
02:45:40 INFO  : Registering command handlers for SDK TCF services
02:45:41 INFO  : Launching XSCT server: xsct.bat -interactive C:\Users\RA_prof_Jeon\siddharth\Vivado\project_execution_layer_con1_p2\project_execution_layer_con1_p2.sdk\temp_xsdb_launch_script.tcl
02:45:43 INFO  : XSCT server has started successfully.
02:45:44 INFO  : Successfully done setting XSCT server connection channel  
02:45:44 INFO  : Successfully done setting SDK workspace  
02:45:44 INFO  : Processing command line option -hwspec C:/Users/RA_prof_Jeon/siddharth/Vivado/project_execution_layer_con1_p2/project_execution_layer_con1_p2.sdk/design_1_wrapper.hdf.
02:45:44 INFO  : Checking for hwspec changes in the project design_1_wrapper_hw_platform_0.
02:46:38 INFO  : Connected to target on host '127.0.0.1' and port '3121'.
02:46:38 INFO  : Jtag cable 'Digilent JTAG-SMT2 210251A1BEAA' is selected.
02:46:38 INFO  : 'jtag frequency' command is executed.
02:46:38 INFO  : Sourcing of 'C:/Users/RA_prof_Jeon/siddharth/Vivado/project_execution_layer_con1_p2/project_execution_layer_con1_p2.sdk/design_1_wrapper_hw_platform_0/ps7_init.tcl' is done.
02:46:38 INFO  : Context for 'APU' is selected.
02:46:38 INFO  : System reset is completed.
02:46:41 INFO  : 'after 3000' command is executed.
02:46:41 INFO  : 'targets -set -filter {jtag_cable_name =~ "Digilent JTAG-SMT2 210251A1BEAA" && level==0} -index 1' command is executed.
02:46:49 INFO  : FPGA configured successfully with bitstream "C:/Users/RA_prof_Jeon/siddharth/Vivado/project_execution_layer_con1_p2/project_execution_layer_con1_p2.sdk/design_1_wrapper_hw_platform_0/design_1_wrapper.bit"
02:46:49 INFO  : Context for 'APU' is selected.
02:46:49 INFO  : Hardware design information is loaded from 'C:/Users/RA_prof_Jeon/siddharth/Vivado/project_execution_layer_con1_p2/project_execution_layer_con1_p2.sdk/design_1_wrapper_hw_platform_0/system.hdf'.
02:46:49 INFO  : 'configparams force-mem-access 1' command is executed.
02:46:49 INFO  : Context for 'APU' is selected.
02:46:50 INFO  : 'ps7_init' command is executed.
02:46:50 INFO  : 'ps7_post_config' command is executed.
02:46:50 INFO  : Context for processor 'ps7_cortexa9_0' is selected.
02:46:51 INFO  : The application 'C:/Users/RA_prof_Jeon/siddharth/Vivado/project_execution_layer_con1_p2/project_execution_layer_con1_p2.sdk/alexnet/Debug/alexnet.elf' is downloaded to processor 'ps7_cortexa9_0'.
02:46:51 INFO  : 'configparams force-mem-access 0' command is executed.
02:46:51 INFO  : ----------------XSDB Script----------------
connect -url tcp:127.0.0.1:3121
source C:/Users/RA_prof_Jeon/siddharth/Vivado/project_execution_layer_con1_p2/project_execution_layer_con1_p2.sdk/design_1_wrapper_hw_platform_0/ps7_init.tcl
targets -set -nocase -filter {name =~"APU*" && jtag_cable_name =~ "Digilent JTAG-SMT2 210251A1BEAA"} -index 0
rst -system
after 3000
targets -set -filter {jtag_cable_name =~ "Digilent JTAG-SMT2 210251A1BEAA" && level==0} -index 1
fpga -file C:/Users/RA_prof_Jeon/siddharth/Vivado/project_execution_layer_con1_p2/project_execution_layer_con1_p2.sdk/design_1_wrapper_hw_platform_0/design_1_wrapper.bit
targets -set -nocase -filter {name =~"APU*" && jtag_cable_name =~ "Digilent JTAG-SMT2 210251A1BEAA"} -index 0
loadhw -hw C:/Users/RA_prof_Jeon/siddharth/Vivado/project_execution_layer_con1_p2/project_execution_layer_con1_p2.sdk/design_1_wrapper_hw_platform_0/system.hdf -mem-ranges [list {0x40000000 0xbfffffff}]
configparams force-mem-access 1
targets -set -nocase -filter {name =~"APU*" && jtag_cable_name =~ "Digilent JTAG-SMT2 210251A1BEAA"} -index 0
ps7_init
ps7_post_config
targets -set -nocase -filter {name =~ "ARM*#0" && jtag_cable_name =~ "Digilent JTAG-SMT2 210251A1BEAA"} -index 0
dow C:/Users/RA_prof_Jeon/siddharth/Vivado/project_execution_layer_con1_p2/project_execution_layer_con1_p2.sdk/alexnet/Debug/alexnet.elf
configparams force-mem-access 0
----------------End of Script----------------

02:46:51 INFO  : Memory regions updated for context APU
02:46:51 INFO  : Context for processor 'ps7_cortexa9_0' is selected.
02:46:51 INFO  : 'con' command is executed.
02:46:51 INFO  : ----------------XSDB Script (After Launch)----------------
targets -set -nocase -filter {name =~ "ARM*#0" && jtag_cable_name =~ "Digilent JTAG-SMT2 210251A1BEAA"} -index 0
con
----------------End of Script----------------

02:46:51 INFO  : Launch script is exported to file 'C:\Users\RA_prof_Jeon\siddharth\Vivado\project_execution_layer_con1_p2\project_execution_layer_con1_p2.sdk\.sdk\launch_scripts\xilinx_c-c++_application_(system_debugger)\system_debugger_on_local.tcl'
02:49:23 INFO  : Disconnected from the channel tcfchan#1.
02:49:24 INFO  : Connected to target on host '127.0.0.1' and port '3121'.
02:49:25 INFO  : Jtag cable 'Digilent JTAG-SMT2 210251A1BEAA' is selected.
02:49:25 INFO  : 'jtag frequency' command is executed.
02:49:25 INFO  : Sourcing of 'C:/Users/RA_prof_Jeon/siddharth/Vivado/project_execution_layer_con1_p2/project_execution_layer_con1_p2.sdk/design_1_wrapper_hw_platform_0/ps7_init.tcl' is done.
02:49:25 INFO  : Context for 'APU' is selected.
02:49:25 INFO  : System reset is completed.
02:49:28 INFO  : 'after 3000' command is executed.
02:49:28 INFO  : 'targets -set -filter {jtag_cable_name =~ "Digilent JTAG-SMT2 210251A1BEAA" && level==0} -index 1' command is executed.
02:49:35 INFO  : FPGA configured successfully with bitstream "C:/Users/RA_prof_Jeon/siddharth/Vivado/project_execution_layer_con1_p2/project_execution_layer_con1_p2.sdk/design_1_wrapper_hw_platform_0/design_1_wrapper.bit"
02:49:35 INFO  : Context for 'APU' is selected.
02:49:38 INFO  : Hardware design information is loaded from 'C:/Users/RA_prof_Jeon/siddharth/Vivado/project_execution_layer_con1_p2/project_execution_layer_con1_p2.sdk/design_1_wrapper_hw_platform_0/system.hdf'.
02:49:38 INFO  : 'configparams force-mem-access 1' command is executed.
02:49:38 INFO  : Context for 'APU' is selected.
02:49:38 INFO  : 'ps7_init' command is executed.
02:49:38 INFO  : 'ps7_post_config' command is executed.
02:49:38 INFO  : Context for processor 'ps7_cortexa9_0' is selected.
02:49:40 INFO  : The application 'C:/Users/RA_prof_Jeon/siddharth/Vivado/project_execution_layer_con1_p2/project_execution_layer_con1_p2.sdk/alexnet/Debug/alexnet.elf' is downloaded to processor 'ps7_cortexa9_0'.
02:49:40 INFO  : 'configparams force-mem-access 0' command is executed.
02:49:40 INFO  : ----------------XSDB Script----------------
connect -url tcp:127.0.0.1:3121
source C:/Users/RA_prof_Jeon/siddharth/Vivado/project_execution_layer_con1_p2/project_execution_layer_con1_p2.sdk/design_1_wrapper_hw_platform_0/ps7_init.tcl
targets -set -nocase -filter {name =~"APU*" && jtag_cable_name =~ "Digilent JTAG-SMT2 210251A1BEAA"} -index 0
rst -system
after 3000
targets -set -filter {jtag_cable_name =~ "Digilent JTAG-SMT2 210251A1BEAA" && level==0} -index 1
fpga -file C:/Users/RA_prof_Jeon/siddharth/Vivado/project_execution_layer_con1_p2/project_execution_layer_con1_p2.sdk/design_1_wrapper_hw_platform_0/design_1_wrapper.bit
targets -set -nocase -filter {name =~"APU*" && jtag_cable_name =~ "Digilent JTAG-SMT2 210251A1BEAA"} -index 0
loadhw -hw C:/Users/RA_prof_Jeon/siddharth/Vivado/project_execution_layer_con1_p2/project_execution_layer_con1_p2.sdk/design_1_wrapper_hw_platform_0/system.hdf -mem-ranges [list {0x40000000 0xbfffffff}]
configparams force-mem-access 1
targets -set -nocase -filter {name =~"APU*" && jtag_cable_name =~ "Digilent JTAG-SMT2 210251A1BEAA"} -index 0
ps7_init
ps7_post_config
targets -set -nocase -filter {name =~ "ARM*#0" && jtag_cable_name =~ "Digilent JTAG-SMT2 210251A1BEAA"} -index 0
dow C:/Users/RA_prof_Jeon/siddharth/Vivado/project_execution_layer_con1_p2/project_execution_layer_con1_p2.sdk/alexnet/Debug/alexnet.elf
configparams force-mem-access 0
----------------End of Script----------------

02:49:40 INFO  : Memory regions updated for context APU
02:49:40 INFO  : Context for processor 'ps7_cortexa9_0' is selected.
02:49:40 INFO  : 'con' command is executed.
02:49:40 INFO  : ----------------XSDB Script (After Launch)----------------
targets -set -nocase -filter {name =~ "ARM*#0" && jtag_cable_name =~ "Digilent JTAG-SMT2 210251A1BEAA"} -index 0
con
----------------End of Script----------------

02:49:40 INFO  : Launch script is exported to file 'C:\Users\RA_prof_Jeon\siddharth\Vivado\project_execution_layer_con1_p2\project_execution_layer_con1_p2.sdk\.sdk\launch_scripts\xilinx_c-c++_application_(system_debugger)\system_debugger_on_local.tcl'
02:51:59 INFO  : Disconnected from the channel tcfchan#2.
02:52:00 INFO  : Connected to target on host '127.0.0.1' and port '3121'.
02:52:00 INFO  : Jtag cable 'Digilent JTAG-SMT2 210251A1BEAA' is selected.
02:52:00 INFO  : 'jtag frequency' command is executed.
02:52:00 INFO  : Sourcing of 'C:/Users/RA_prof_Jeon/siddharth/Vivado/project_execution_layer_con1_p2/project_execution_layer_con1_p2.sdk/design_1_wrapper_hw_platform_0/ps7_init.tcl' is done.
02:52:00 INFO  : Context for 'APU' is selected.
02:52:00 INFO  : System reset is completed.
02:52:03 INFO  : 'after 3000' command is executed.
02:52:03 INFO  : 'targets -set -filter {jtag_cable_name =~ "Digilent JTAG-SMT2 210251A1BEAA" && level==0} -index 1' command is executed.
02:52:11 INFO  : FPGA configured successfully with bitstream "C:/Users/RA_prof_Jeon/siddharth/Vivado/project_execution_layer_con1_p2/project_execution_layer_con1_p2.sdk/design_1_wrapper_hw_platform_0/design_1_wrapper.bit"
02:52:11 INFO  : Context for 'APU' is selected.
02:52:13 INFO  : Hardware design information is loaded from 'C:/Users/RA_prof_Jeon/siddharth/Vivado/project_execution_layer_con1_p2/project_execution_layer_con1_p2.sdk/design_1_wrapper_hw_platform_0/system.hdf'.
02:52:13 INFO  : 'configparams force-mem-access 1' command is executed.
02:52:13 INFO  : Context for 'APU' is selected.
02:52:13 INFO  : 'ps7_init' command is executed.
02:52:13 INFO  : 'ps7_post_config' command is executed.
02:52:13 INFO  : Context for processor 'ps7_cortexa9_0' is selected.
02:52:15 INFO  : The application 'C:/Users/RA_prof_Jeon/siddharth/Vivado/project_execution_layer_con1_p2/project_execution_layer_con1_p2.sdk/alexnet/Debug/alexnet.elf' is downloaded to processor 'ps7_cortexa9_0'.
02:52:15 INFO  : 'configparams force-mem-access 0' command is executed.
02:52:15 INFO  : ----------------XSDB Script----------------
connect -url tcp:127.0.0.1:3121
source C:/Users/RA_prof_Jeon/siddharth/Vivado/project_execution_layer_con1_p2/project_execution_layer_con1_p2.sdk/design_1_wrapper_hw_platform_0/ps7_init.tcl
targets -set -nocase -filter {name =~"APU*" && jtag_cable_name =~ "Digilent JTAG-SMT2 210251A1BEAA"} -index 0
rst -system
after 3000
targets -set -filter {jtag_cable_name =~ "Digilent JTAG-SMT2 210251A1BEAA" && level==0} -index 1
fpga -file C:/Users/RA_prof_Jeon/siddharth/Vivado/project_execution_layer_con1_p2/project_execution_layer_con1_p2.sdk/design_1_wrapper_hw_platform_0/design_1_wrapper.bit
targets -set -nocase -filter {name =~"APU*" && jtag_cable_name =~ "Digilent JTAG-SMT2 210251A1BEAA"} -index 0
loadhw -hw C:/Users/RA_prof_Jeon/siddharth/Vivado/project_execution_layer_con1_p2/project_execution_layer_con1_p2.sdk/design_1_wrapper_hw_platform_0/system.hdf -mem-ranges [list {0x40000000 0xbfffffff}]
configparams force-mem-access 1
targets -set -nocase -filter {name =~"APU*" && jtag_cable_name =~ "Digilent JTAG-SMT2 210251A1BEAA"} -index 0
ps7_init
ps7_post_config
targets -set -nocase -filter {name =~ "ARM*#0" && jtag_cable_name =~ "Digilent JTAG-SMT2 210251A1BEAA"} -index 0
dow C:/Users/RA_prof_Jeon/siddharth/Vivado/project_execution_layer_con1_p2/project_execution_layer_con1_p2.sdk/alexnet/Debug/alexnet.elf
configparams force-mem-access 0
----------------End of Script----------------

02:52:15 INFO  : Memory regions updated for context APU
02:52:15 INFO  : Context for processor 'ps7_cortexa9_0' is selected.
02:52:15 INFO  : 'con' command is executed.
02:52:15 INFO  : ----------------XSDB Script (After Launch)----------------
targets -set -nocase -filter {name =~ "ARM*#0" && jtag_cable_name =~ "Digilent JTAG-SMT2 210251A1BEAA"} -index 0
con
----------------End of Script----------------

02:52:15 INFO  : Launch script is exported to file 'C:\Users\RA_prof_Jeon\siddharth\Vivado\project_execution_layer_con1_p2\project_execution_layer_con1_p2.sdk\.sdk\launch_scripts\xilinx_c-c++_application_(system_debugger)\system_debugger_on_local.tcl'
